-------------------------------------------------------------------------------
Test set: ada.edu.demo.webtest.WebInterfaceTests
-------------------------------------------------------------------------------
Tests run: 4, Failures: 1, Errors: 0, Skipped: 0, Time elapsed: 15.165 s <<< FAILURE! - in ada.edu.demo.webtest.WebInterfaceTests
displayAllStudentsAndVerifyRowCount  Time elapsed: 0.151 s  <<< FAILURE!
org.opentest4j.AssertionFailedError: The number of students displayed should match expected. ==> expected: <3> but was: <2>
	at ada.edu.demo.webtest.WebInterfaceTests.displayAllStudentsAndVerifyRowCount(WebInterfaceTests.java:106)

